<?xml version="1.0" encoding="UTF-8"?>
<!-- Generated by org.testng.reporters.JUnitReportReporter -->
<testsuite hostname="Saven-L-94" failures="0" tests="1" name="testCases.TC_001_AccountRegistrationTest" time="10.667" errors="0" timestamp="2024-02-06T10:49:25 IST" skipped="0">
  <testcase classname="testCases.TC_001_AccountRegistrationTest" name="verify_account_registration" time="10.667"/>
</testsuite> <!-- testCases.TC_001_AccountRegistrationTest -->
