<?xml version="1.0" encoding="UTF-8"?>
<!-- Generated by org.testng.reporters.JUnitReportReporter -->
<testsuite hostname="Saven-L-94" failures="0" tests="1" name="testCases.TC_002_LoginTest" time="2.472" errors="0" timestamp="2024-02-06T10:49:25 IST" skipped="0">
  <testcase classname="testCases.TC_002_LoginTest" name="LoginTest" time="2.472"/>
</testsuite> <!-- testCases.TC_002_LoginTest -->
